2020-09-16 09:40:43,990 INFO notifyConnectTimeout:200

2020-09-16 09:40:43,991 INFO notifySocketTimeout:8000

2020-09-16 09:40:43,991 INFO isHealthCheck:true

2020-09-16 09:40:43,991 INFO maxHealthCheckFailCount:12

2020-09-16 09:40:43,991 INFO maxContent:10485760

2020-09-16 09:40:45,662 INFO ServerListService address-server port:8848

2020-09-16 09:40:45,662 INFO ADDRESS_SERVER_URL:http://jmenv.tbsite.net:8080/nacos/serverlist

2020-09-16 09:40:45,663 WARN [serverlist] updated to [192.168.3.108]

2020-09-16 09:40:45,753 WARN DumpService start

2020-09-16 09:40:45,756 INFO start clear all config-info.

2020-09-16 09:40:45,764 WARN clear all config-info failed.

2020-09-16 09:40:45,764 WARN clear all config-info-tenant failed.

2020-09-16 09:40:45,825 INFO start clear all config-info-beta.

2020-09-16 09:40:45,826 WARN clear all config-info-beta failed.

2020-09-16 09:40:45,826 WARN clear all config-info-beta-tenant failed.

2020-09-16 09:40:45,834 INFO start clear all config-info-tag.

2020-09-16 09:40:45,835 WARN clear all config-info-tag failed.

2020-09-16 09:40:45,835 WARN clear all config-info-tag-tenant failed.

2020-09-16 10:51:47,638 INFO notifyConnectTimeout:200

2020-09-16 10:51:47,638 INFO notifySocketTimeout:8000

2020-09-16 10:51:47,638 INFO isHealthCheck:true

2020-09-16 10:51:47,638 INFO maxHealthCheckFailCount:12

2020-09-16 10:51:47,639 INFO maxContent:10485760

2020-09-16 10:51:47,639 INFO spring.datasource.platform:mysql

2020-09-16 10:51:48,428 INFO ServerListService address-server port:8848

2020-09-16 10:51:48,428 INFO ADDRESS_SERVER_URL:http://jmenv.tbsite.net:8080/nacos/serverlist

2020-09-16 10:51:48,429 WARN [serverlist] updated to [192.168.3.108]

2020-09-16 10:51:48,505 WARN DumpService start

2020-09-16 10:51:48,507 INFO start clear all config-info.

2020-09-16 10:51:48,511 WARN clear all config-info failed.

2020-09-16 10:51:48,512 WARN clear all config-info-tenant failed.

2020-09-16 10:51:48,533 INFO start clear all config-info-beta.

2020-09-16 10:51:48,533 WARN clear all config-info-beta failed.

2020-09-16 10:51:48,533 WARN clear all config-info-beta-tenant failed.

2020-09-16 10:51:48,537 INFO start clear all config-info-tag.

2020-09-16 10:51:48,537 WARN clear all config-info-tag failed.

2020-09-16 10:51:48,537 WARN clear all config-info-tag-tenant failed.

2020-09-16 11:24:45,118 INFO notifyConnectTimeout:200

2020-09-16 11:24:45,119 INFO notifySocketTimeout:8000

2020-09-16 11:24:45,119 INFO isHealthCheck:true

2020-09-16 11:24:45,119 INFO maxHealthCheckFailCount:12

2020-09-16 11:24:45,119 INFO maxContent:10485760

2020-09-16 11:24:45,119 INFO spring.datasource.platform:mysql

2020-09-16 11:24:45,910 INFO ServerListService address-server port:8848

2020-09-16 11:24:45,910 INFO ADDRESS_SERVER_URL:http://jmenv.tbsite.net:8080/nacos/serverlist

2020-09-16 11:24:45,910 WARN [serverlist] updated to [192.168.3.108]

2020-09-16 11:24:45,976 WARN DumpService start

2020-09-16 11:24:45,978 INFO start clear all config-info.

2020-09-16 11:24:45,984 INFO clear all config-info success.

2020-09-16 11:24:45,984 WARN clear all config-info-tenant failed.

2020-09-16 11:24:46,037 INFO [all-dump] 1 / 1

2020-09-16 11:24:46,037 INFO start clear all config-info-beta.

2020-09-16 11:24:46,037 WARN clear all config-info-beta failed.

2020-09-16 11:24:46,037 WARN clear all config-info-beta-tenant failed.

2020-09-16 11:24:46,041 INFO start clear all config-info-tag.

2020-09-16 11:24:46,041 WARN clear all config-info-tag failed.

2020-09-16 11:24:46,041 WARN clear all config-info-tag-tenant failed.

