2020-09-16 09:40:41,029 INFO Starting Nacos v1.1.4 on pb with PID 4296 (D:\work\nacos-server-1.1.4\nacos\target\nacos-server.jar started by pb in D:\work\nacos-server-1.1.4\nacos\bin)

2020-09-16 09:40:41,031 INFO The following profiles are active: standalone

2020-09-16 09:40:42,529 INFO Bean 'org.springframework.security.config.annotation.configuration.ObjectPostProcessorConfiguration' of type [org.springframework.security.config.annotation.configuration.ObjectPostProcessorConfiguration$$EnhancerBySpringCGLIB$$ef1a9833] is not eligible for getting processed by all BeanPostProcessors (for example: not eligible for auto-proxying)

2020-09-16 09:40:42,600 INFO Bean 'objectPostProcessor' of type [org.springframework.security.config.annotation.configuration.AutowireBeanFactoryObjectPostProcessor] is not eligible for getting processed by all BeanPostProcessors (for example: not eligible for auto-proxying)

2020-09-16 09:40:42,606 INFO Bean 'org.springframework.security.access.expression.method.DefaultMethodSecurityExpressionHandler@6be968ce' of type [org.springframework.security.access.expression.method.DefaultMethodSecurityExpressionHandler] is not eligible for getting processed by all BeanPostProcessors (for example: not eligible for auto-proxying)

2020-09-16 09:40:42,607 INFO Bean 'org.springframework.security.config.annotation.method.configuration.GlobalMethodSecurityConfiguration' of type [org.springframework.security.config.annotation.method.configuration.GlobalMethodSecurityConfiguration$$EnhancerBySpringCGLIB$$13ef3ae5] is not eligible for getting processed by all BeanPostProcessors (for example: not eligible for auto-proxying)

2020-09-16 09:40:42,611 INFO Bean 'methodSecurityMetadataSource' of type [org.springframework.security.access.method.DelegatingMethodSecurityMetadataSource] is not eligible for getting processed by all BeanPostProcessors (for example: not eligible for auto-proxying)

2020-09-16 09:40:43,192 INFO Tomcat initialized with port(s): 8848 (http)

2020-09-16 09:40:43,214 INFO Starting service [Tomcat]

2020-09-16 09:40:43,215 INFO Starting Servlet Engine: Apache Tomcat/9.0.13

2020-09-16 09:40:43,226 INFO The APR based Apache Tomcat Native library which allows optimal performance in production environments was not found on the java.library.path: [C:\Program Files\Java\jdk1.8.0_191\bin;C:\Windows\Sun\Java\bin;C:\Windows\system32;C:\Windows;C:\Program Files (x86)\Common Files\Oracle\Java\javapath;C:\ProgramData\Oracle\Java\javapath;C:\Windows\system32;C:\Windows;C:\Windows\System32\Wbem;C:\Windows\System32\WindowsPowerShell\v1.0\;C:\Windows\System32\OpenSSH\;C:\Program Files (x86)\NVIDIA Corporation\PhysX\Common;C:\Program Files\Java\jdk1.8.0_191\bin;C:\Program Files\TortoiseSVN\bin;C:\Program Files\Git\cmd;C:\Program Files\MySQL\MySQL Server 5.7\bin;D:\work\apache-maven-3.6.3-bin\apache-maven-3.6.3\bin;C:\Users\pb\AppData\Local\Microsoft\WindowsApps;;C:\Users\pb\AppData\Local\Programs\Microsoft VS Code\bin;.]

2020-09-16 09:40:43,307 INFO Initializing Spring embedded WebApplicationContext

2020-09-16 09:40:43,307 INFO Root WebApplicationContext: initialization completed in 2232 ms

2020-09-16 09:40:45,863 INFO Use Mysql as the driver

2020-09-16 09:40:46,333 INFO Initializing ExecutorService 'applicationTaskExecutor'

2020-09-16 09:40:46,491 INFO Adding welcome page: class path resource [static/index.html]

2020-09-16 09:40:46,799 INFO Creating filter chain: Ant [pattern='/'], []

2020-09-16 09:40:46,799 INFO Creating filter chain: Ant [pattern='/**/*.css'], []

2020-09-16 09:40:46,801 INFO Creating filter chain: Ant [pattern='/**/*.js'], []

2020-09-16 09:40:46,801 INFO Creating filter chain: Ant [pattern='/**/*.html'], []

2020-09-16 09:40:46,803 INFO Creating filter chain: Ant [pattern='/**/*.map'], []

2020-09-16 09:40:46,803 INFO Creating filter chain: Ant [pattern='/**/*.svg'], []

2020-09-16 09:40:46,804 INFO Creating filter chain: Ant [pattern='/**/*.png'], []

2020-09-16 09:40:46,809 INFO Creating filter chain: Ant [pattern='/**/*.ico'], []

2020-09-16 09:40:46,811 INFO Creating filter chain: Ant [pattern='/console-fe/public/**'], []

2020-09-16 09:40:46,811 INFO Creating filter chain: Ant [pattern='/v1/auth/login'], []

2020-09-16 09:40:46,813 INFO Creating filter chain: Ant [pattern='/v1/console/health/**'], []

2020-09-16 09:40:46,814 INFO Creating filter chain: Ant [pattern='/v1/cs/**'], []

2020-09-16 09:40:46,814 INFO Creating filter chain: Ant [pattern='/v1/ns/**'], []

2020-09-16 09:40:46,815 INFO Creating filter chain: Ant [pattern='/v1/cmdb/**'], []

2020-09-16 09:40:46,816 INFO Creating filter chain: Ant [pattern='/actuator/**'], []

2020-09-16 09:40:46,817 INFO Creating filter chain: Ant [pattern='/v1/console/server/**'], []

2020-09-16 09:40:46,844 INFO Creating filter chain: any request, [org.springframework.security.web.context.request.async.WebAsyncManagerIntegrationFilter@2289aca5, org.springframework.security.web.context.SecurityContextPersistenceFilter@64337702, org.springframework.security.web.header.HeaderWriterFilter@756cf158, org.springframework.security.web.authentication.logout.LogoutFilter@6273c5a4, com.alibaba.nacos.console.filter.JwtAuthenticationTokenFilter@76a36b71, org.springframework.security.web.savedrequest.RequestCacheAwareFilter@30ea8c23, org.springframework.security.web.servletapi.SecurityContextHolderAwareRequestFilter@611df6e3, org.springframework.security.web.authentication.AnonymousAuthenticationFilter@184497d1, org.springframework.security.web.session.SessionManagementFilter@751d3241, org.springframework.security.web.access.ExceptionTranslationFilter@6175619b, org.springframework.security.web.access.intercept.FilterSecurityInterceptor@4215838f]

2020-09-16 09:40:46,913 INFO Exposing 2 endpoint(s) beneath base path '/actuator'

2020-09-16 09:40:46,936 INFO Initializing ExecutorService 'taskScheduler'

2020-09-16 09:40:47,023 INFO Tomcat started on port(s): 8848 (http) with context path '/nacos'

2020-09-16 09:40:47,027 INFO Started Nacos in 6.875 seconds (JVM running for 7.422)

2020-09-16 09:40:47,027 INFO Nacos Log files: D:\work\nacos-server-1.1.4\nacos/logs/

2020-09-16 09:40:47,027 INFO Nacos Conf files: D:\work\nacos-server-1.1.4\nacos/conf/

2020-09-16 09:40:47,027 INFO Nacos Data files: D:\work\nacos-server-1.1.4\nacos/data/

2020-09-16 09:40:47,028 INFO Nacos started successfully in stand alone mode.

2020-09-16 09:40:50,777 INFO Initializing Spring DispatcherServlet 'dispatcherServlet'

2020-09-16 09:40:50,778 INFO Initializing Servlet 'dispatcherServlet'

2020-09-16 09:40:50,786 INFO Completed initialization in 8 ms

2020-09-16 09:41:22,448 ERROR Responding with unauthorized error. Message - Full authentication is required to access this resource

2020-09-16 09:50:45,702 INFO [capacityManagement] start correct usage

2020-09-16 09:50:45,715 INFO [capacityManagement] end correct usage, cost: 0s

2020-09-16 09:50:45,857 WARN clearConfigHistory start

2020-09-16 09:50:46,118 ERROR Responding with unauthorized error. Message - Full authentication is required to access this resource

2020-09-16 10:00:45,715 INFO [capacityManagement] start correct usage

2020-09-16 10:00:45,716 INFO [capacityManagement] end correct usage, cost: 0s

2020-09-16 10:00:45,866 WARN clearConfigHistory start

2020-09-16 10:10:45,716 INFO [capacityManagement] start correct usage

2020-09-16 10:10:45,716 INFO [capacityManagement] end correct usage, cost: 0s

2020-09-16 10:10:45,868 WARN clearConfigHistory start

2020-09-16 10:20:45,719 INFO [capacityManagement] start correct usage

2020-09-16 10:20:45,720 INFO [capacityManagement] end correct usage, cost: 0s

2020-09-16 10:20:45,872 WARN clearConfigHistory start

2020-09-16 10:30:45,721 INFO [capacityManagement] start correct usage

2020-09-16 10:30:45,722 INFO [capacityManagement] end correct usage, cost: 0s

2020-09-16 10:30:45,873 WARN clearConfigHistory start

2020-09-16 10:33:47,799 INFO Expired JWT token.

2020-09-16 10:33:47,799 ERROR Responding with unauthorized error. Message - Full authentication is required to access this resource

2020-09-16 10:40:45,724 INFO [capacityManagement] start correct usage

2020-09-16 10:40:45,725 INFO [capacityManagement] end correct usage, cost: 0s

2020-09-16 10:40:45,874 WARN clearConfigHistory start

2020-09-16 10:51:44,681 INFO Starting Nacos v1.1.4 on pb with PID 14992 (D:\work\nacos-server-1.1.4\nacos\target\nacos-server.jar started by pb in D:\work\nacos-server-1.1.4\nacos\bin)

2020-09-16 10:51:44,683 INFO The following profiles are active: standalone

2020-09-16 10:51:46,193 INFO Bean 'org.springframework.security.config.annotation.configuration.ObjectPostProcessorConfiguration' of type [org.springframework.security.config.annotation.configuration.ObjectPostProcessorConfiguration$$EnhancerBySpringCGLIB$$fda80cf6] is not eligible for getting processed by all BeanPostProcessors (for example: not eligible for auto-proxying)

2020-09-16 10:51:46,254 INFO Bean 'objectPostProcessor' of type [org.springframework.security.config.annotation.configuration.AutowireBeanFactoryObjectPostProcessor] is not eligible for getting processed by all BeanPostProcessors (for example: not eligible for auto-proxying)

2020-09-16 10:51:46,256 INFO Bean 'org.springframework.security.access.expression.method.DefaultMethodSecurityExpressionHandler@609e8838' of type [org.springframework.security.access.expression.method.DefaultMethodSecurityExpressionHandler] is not eligible for getting processed by all BeanPostProcessors (for example: not eligible for auto-proxying)

2020-09-16 10:51:46,258 INFO Bean 'org.springframework.security.config.annotation.method.configuration.GlobalMethodSecurityConfiguration' of type [org.springframework.security.config.annotation.method.configuration.GlobalMethodSecurityConfiguration$$EnhancerBySpringCGLIB$$227cafa8] is not eligible for getting processed by all BeanPostProcessors (for example: not eligible for auto-proxying)

2020-09-16 10:51:46,262 INFO Bean 'methodSecurityMetadataSource' of type [org.springframework.security.access.method.DelegatingMethodSecurityMetadataSource] is not eligible for getting processed by all BeanPostProcessors (for example: not eligible for auto-proxying)

2020-09-16 10:51:46,823 INFO Tomcat initialized with port(s): 8848 (http)

2020-09-16 10:51:46,847 INFO Starting service [Tomcat]

2020-09-16 10:51:46,847 INFO Starting Servlet Engine: Apache Tomcat/9.0.13

2020-09-16 10:51:46,859 INFO The APR based Apache Tomcat Native library which allows optimal performance in production environments was not found on the java.library.path: [C:\Program Files\Java\jdk1.8.0_191\bin;C:\Windows\Sun\Java\bin;C:\Windows\system32;C:\Windows;C:\Program Files (x86)\Common Files\Oracle\Java\javapath;C:\ProgramData\Oracle\Java\javapath;C:\Windows\system32;C:\Windows;C:\Windows\System32\Wbem;C:\Windows\System32\WindowsPowerShell\v1.0\;C:\Windows\System32\OpenSSH\;C:\Program Files (x86)\NVIDIA Corporation\PhysX\Common;C:\Program Files\Java\jdk1.8.0_191\bin;C:\Program Files\TortoiseSVN\bin;C:\Program Files\Git\cmd;C:\Program Files\MySQL\MySQL Server 5.7\bin;D:\work\apache-maven-3.6.3-bin\apache-maven-3.6.3\bin;C:\Users\pb\AppData\Local\Microsoft\WindowsApps;;C:\Users\pb\AppData\Local\Programs\Microsoft VS Code\bin;.]

2020-09-16 10:51:46,943 INFO Initializing Spring embedded WebApplicationContext

2020-09-16 10:51:46,943 INFO Root WebApplicationContext: initialization completed in 2221 ms

2020-09-16 10:51:47,642 INFO Use Mysql as the driver

2020-09-16 10:51:48,861 INFO Initializing ExecutorService 'applicationTaskExecutor'

2020-09-16 10:51:49,033 INFO Adding welcome page: class path resource [static/index.html]

2020-09-16 10:51:49,315 INFO Creating filter chain: Ant [pattern='/'], []

2020-09-16 10:51:49,315 INFO Creating filter chain: Ant [pattern='/**/*.css'], []

2020-09-16 10:51:49,316 INFO Creating filter chain: Ant [pattern='/**/*.js'], []

2020-09-16 10:51:49,317 INFO Creating filter chain: Ant [pattern='/**/*.html'], []

2020-09-16 10:51:49,317 INFO Creating filter chain: Ant [pattern='/**/*.map'], []

2020-09-16 10:51:49,317 INFO Creating filter chain: Ant [pattern='/**/*.svg'], []

2020-09-16 10:51:49,318 INFO Creating filter chain: Ant [pattern='/**/*.png'], []

2020-09-16 10:51:49,318 INFO Creating filter chain: Ant [pattern='/**/*.ico'], []

2020-09-16 10:51:49,318 INFO Creating filter chain: Ant [pattern='/console-fe/public/**'], []

2020-09-16 10:51:49,319 INFO Creating filter chain: Ant [pattern='/v1/auth/login'], []

2020-09-16 10:51:49,319 INFO Creating filter chain: Ant [pattern='/v1/console/health/**'], []

2020-09-16 10:51:49,319 INFO Creating filter chain: Ant [pattern='/v1/cs/**'], []

2020-09-16 10:51:49,320 INFO Creating filter chain: Ant [pattern='/v1/ns/**'], []

2020-09-16 10:51:49,320 INFO Creating filter chain: Ant [pattern='/v1/cmdb/**'], []

2020-09-16 10:51:49,322 INFO Creating filter chain: Ant [pattern='/actuator/**'], []

2020-09-16 10:51:49,323 INFO Creating filter chain: Ant [pattern='/v1/console/server/**'], []

2020-09-16 10:51:49,349 INFO Creating filter chain: any request, [org.springframework.security.web.context.request.async.WebAsyncManagerIntegrationFilter@31aa3ca5, org.springframework.security.web.context.SecurityContextPersistenceFilter@758a34ce, org.springframework.security.web.header.HeaderWriterFilter@4bc28c33, org.springframework.security.web.authentication.logout.LogoutFilter@278bb07e, com.alibaba.nacos.console.filter.JwtAuthenticationTokenFilter@45905bff, org.springframework.security.web.savedrequest.RequestCacheAwareFilter@bff34c6, org.springframework.security.web.servletapi.SecurityContextHolderAwareRequestFilter@5644dc81, org.springframework.security.web.authentication.AnonymousAuthenticationFilter@2a2c13a8, org.springframework.security.web.session.SessionManagementFilter@5c153b9e, org.springframework.security.web.access.ExceptionTranslationFilter@13f17eb4, org.springframework.security.web.access.intercept.FilterSecurityInterceptor@a4ca3f6]

2020-09-16 10:51:49,431 INFO Exposing 2 endpoint(s) beneath base path '/actuator'

2020-09-16 10:51:49,453 INFO Initializing ExecutorService 'taskScheduler'

2020-09-16 10:51:49,525 INFO Tomcat started on port(s): 8848 (http) with context path '/nacos'

2020-09-16 10:51:49,529 INFO Started Nacos in 5.689 seconds (JVM running for 6.157)

2020-09-16 10:51:49,529 INFO Nacos Log files: D:\work\nacos-server-1.1.4\nacos/logs/

2020-09-16 10:51:49,529 INFO Nacos Conf files: D:\work\nacos-server-1.1.4\nacos/conf/

2020-09-16 10:51:49,529 INFO Nacos Data files: D:\work\nacos-server-1.1.4\nacos/data/

2020-09-16 10:51:49,530 INFO Nacos started successfully in stand alone mode.

2020-09-16 10:51:49,918 INFO Initializing Spring DispatcherServlet 'dispatcherServlet'

2020-09-16 10:51:49,918 INFO Initializing Servlet 'dispatcherServlet'

2020-09-16 10:51:49,926 INFO Completed initialization in 8 ms

2020-09-16 11:01:48,462 INFO [capacityManagement] start correct usage

2020-09-16 11:01:48,482 INFO [capacityManagement] end correct usage, cost: 0s

2020-09-16 11:01:48,561 WARN clearConfigHistory start

2020-09-16 11:11:48,484 INFO [capacityManagement] start correct usage

2020-09-16 11:11:48,485 INFO [capacityManagement] end correct usage, cost: 0s

2020-09-16 11:11:48,570 WARN clearConfigHistory start

2020-09-16 11:21:48,486 INFO [capacityManagement] start correct usage

2020-09-16 11:21:48,489 INFO [capacityManagement] end correct usage, cost: 0s

2020-09-16 11:21:48,573 WARN clearConfigHistory start

2020-09-16 11:24:42,050 INFO Starting Nacos v1.1.4 on pb with PID 24372 (D:\work\nacos-server-1.1.4\nacos\target\nacos-server.jar started by pb in D:\work\nacos-server-1.1.4\nacos\bin)

2020-09-16 11:24:42,052 INFO The following profiles are active: standalone

2020-09-16 11:24:43,650 INFO Bean 'org.springframework.security.config.annotation.configuration.ObjectPostProcessorConfiguration' of type [org.springframework.security.config.annotation.configuration.ObjectPostProcessorConfiguration$$EnhancerBySpringCGLIB$$82d219f1] is not eligible for getting processed by all BeanPostProcessors (for example: not eligible for auto-proxying)

2020-09-16 11:24:43,718 INFO Bean 'objectPostProcessor' of type [org.springframework.security.config.annotation.configuration.AutowireBeanFactoryObjectPostProcessor] is not eligible for getting processed by all BeanPostProcessors (for example: not eligible for auto-proxying)

2020-09-16 11:24:43,721 INFO Bean 'org.springframework.security.access.expression.method.DefaultMethodSecurityExpressionHandler@2b30a42c' of type [org.springframework.security.access.expression.method.DefaultMethodSecurityExpressionHandler] is not eligible for getting processed by all BeanPostProcessors (for example: not eligible for auto-proxying)

2020-09-16 11:24:43,723 INFO Bean 'org.springframework.security.config.annotation.method.configuration.GlobalMethodSecurityConfiguration' of type [org.springframework.security.config.annotation.method.configuration.GlobalMethodSecurityConfiguration$$EnhancerBySpringCGLIB$$a7a6bca3] is not eligible for getting processed by all BeanPostProcessors (for example: not eligible for auto-proxying)

2020-09-16 11:24:43,727 INFO Bean 'methodSecurityMetadataSource' of type [org.springframework.security.access.method.DelegatingMethodSecurityMetadataSource] is not eligible for getting processed by all BeanPostProcessors (for example: not eligible for auto-proxying)

2020-09-16 11:24:44,294 INFO Tomcat initialized with port(s): 8848 (http)

2020-09-16 11:24:44,327 INFO Starting service [Tomcat]

2020-09-16 11:24:44,327 INFO Starting Servlet Engine: Apache Tomcat/9.0.13

2020-09-16 11:24:44,344 INFO The APR based Apache Tomcat Native library which allows optimal performance in production environments was not found on the java.library.path: [C:\Program Files\Java\jdk1.8.0_191\bin;C:\Windows\Sun\Java\bin;C:\Windows\system32;C:\Windows;C:\Program Files (x86)\Common Files\Oracle\Java\javapath;C:\ProgramData\Oracle\Java\javapath;C:\Windows\system32;C:\Windows;C:\Windows\System32\Wbem;C:\Windows\System32\WindowsPowerShell\v1.0\;C:\Windows\System32\OpenSSH\;C:\Program Files (x86)\NVIDIA Corporation\PhysX\Common;C:\Program Files\Java\jdk1.8.0_191\bin;C:\Program Files\TortoiseSVN\bin;C:\Program Files\Git\cmd;C:\Program Files\MySQL\MySQL Server 5.7\bin;D:\work\apache-maven-3.6.3-bin\apache-maven-3.6.3\bin;C:\Users\pb\AppData\Local\Microsoft\WindowsApps;;C:\Users\pb\AppData\Local\Programs\Microsoft VS Code\bin;.]

2020-09-16 11:24:44,428 INFO Initializing Spring embedded WebApplicationContext

2020-09-16 11:24:44,429 INFO Root WebApplicationContext: initialization completed in 2334 ms

2020-09-16 11:24:45,122 INFO Use Mysql as the driver

2020-09-16 11:24:46,385 INFO Initializing ExecutorService 'applicationTaskExecutor'

2020-09-16 11:24:46,576 INFO Adding welcome page: class path resource [static/index.html]

2020-09-16 11:24:46,886 INFO Creating filter chain: Ant [pattern='/'], []

2020-09-16 11:24:46,887 INFO Creating filter chain: Ant [pattern='/**/*.css'], []

2020-09-16 11:24:46,890 INFO Creating filter chain: Ant [pattern='/**/*.js'], []

2020-09-16 11:24:46,890 INFO Creating filter chain: Ant [pattern='/**/*.html'], []

2020-09-16 11:24:46,891 INFO Creating filter chain: Ant [pattern='/**/*.map'], []

2020-09-16 11:24:46,891 INFO Creating filter chain: Ant [pattern='/**/*.svg'], []

2020-09-16 11:24:46,891 INFO Creating filter chain: Ant [pattern='/**/*.png'], []

2020-09-16 11:24:46,892 INFO Creating filter chain: Ant [pattern='/**/*.ico'], []

2020-09-16 11:24:46,892 INFO Creating filter chain: Ant [pattern='/console-fe/public/**'], []

2020-09-16 11:24:46,892 INFO Creating filter chain: Ant [pattern='/v1/auth/login'], []

2020-09-16 11:24:46,893 INFO Creating filter chain: Ant [pattern='/v1/console/health/**'], []

2020-09-16 11:24:46,893 INFO Creating filter chain: Ant [pattern='/v1/cs/**'], []

2020-09-16 11:24:46,894 INFO Creating filter chain: Ant [pattern='/v1/ns/**'], []

2020-09-16 11:24:46,894 INFO Creating filter chain: Ant [pattern='/v1/cmdb/**'], []

2020-09-16 11:24:46,894 INFO Creating filter chain: Ant [pattern='/actuator/**'], []

2020-09-16 11:24:46,895 INFO Creating filter chain: Ant [pattern='/v1/console/server/**'], []

2020-09-16 11:24:46,920 INFO Creating filter chain: any request, [org.springframework.security.web.context.request.async.WebAsyncManagerIntegrationFilter@3b2c0e88, org.springframework.security.web.context.SecurityContextPersistenceFilter@625abb97, org.springframework.security.web.header.HeaderWriterFilter@3381b4fc, org.springframework.security.web.authentication.logout.LogoutFilter@72ea6193, com.alibaba.nacos.console.filter.JwtAuthenticationTokenFilter@5bd82fed, org.springframework.security.web.savedrequest.RequestCacheAwareFilter@aeab9a1, org.springframework.security.web.servletapi.SecurityContextHolderAwareRequestFilter@55342f40, org.springframework.security.web.authentication.AnonymousAuthenticationFilter@c1bd0be, org.springframework.security.web.session.SessionManagementFilter@11981797, org.springframework.security.web.access.ExceptionTranslationFilter@278bb07e, org.springframework.security.web.access.intercept.FilterSecurityInterceptor@4212a0c8]

2020-09-16 11:24:47,002 INFO Exposing 2 endpoint(s) beneath base path '/actuator'

2020-09-16 11:24:47,025 INFO Initializing ExecutorService 'taskScheduler'

2020-09-16 11:24:47,097 INFO Tomcat started on port(s): 8848 (http) with context path '/nacos'

2020-09-16 11:24:47,101 INFO Started Nacos in 5.934 seconds (JVM running for 6.414)

2020-09-16 11:24:47,101 INFO Nacos Log files: D:\work\nacos-server-1.1.4\nacos/logs/

2020-09-16 11:24:47,101 INFO Nacos Conf files: D:\work\nacos-server-1.1.4\nacos/conf/

2020-09-16 11:24:47,102 INFO Nacos Data files: D:\work\nacos-server-1.1.4\nacos/data/

2020-09-16 11:24:47,102 INFO Nacos started successfully in stand alone mode.

2020-09-16 11:24:47,256 INFO Initializing Spring DispatcherServlet 'dispatcherServlet'

2020-09-16 11:24:47,257 INFO Initializing Servlet 'dispatcherServlet'

2020-09-16 11:24:47,264 INFO Completed initialization in 7 ms

2020-09-16 11:24:47,734 INFO Expired JWT token.

2020-09-16 11:24:47,749 ERROR Responding with unauthorized error. Message - Full authentication is required to access this resource

2020-09-16 11:34:45,943 INFO [capacityManagement] start correct usage

2020-09-16 11:34:45,954 INFO [capacityManagement] end correct usage, cost: 0s

2020-09-16 11:34:46,050 WARN clearConfigHistory start

2020-09-16 11:44:45,955 INFO [capacityManagement] start correct usage

2020-09-16 11:44:45,958 INFO [capacityManagement] end correct usage, cost: 0s

2020-09-16 11:44:46,058 WARN clearConfigHistory start

2020-09-16 11:54:45,959 INFO [capacityManagement] start correct usage

2020-09-16 11:54:45,968 INFO [capacityManagement] end correct usage, cost: 0s

2020-09-16 11:54:46,061 WARN clearConfigHistory start

2020-09-16 12:04:45,970 INFO [capacityManagement] start correct usage

2020-09-16 12:04:45,973 INFO [capacityManagement] end correct usage, cost: 0s

2020-09-16 12:04:46,071 WARN clearConfigHistory start

2020-09-16 12:14:45,975 INFO [capacityManagement] start correct usage

2020-09-16 12:14:45,980 INFO [capacityManagement] end correct usage, cost: 0s

2020-09-16 12:14:46,075 WARN clearConfigHistory start

2020-09-16 12:24:45,981 INFO [capacityManagement] start correct usage

2020-09-16 12:24:45,984 INFO [capacityManagement] end correct usage, cost: 0s

2020-09-16 12:24:46,078 WARN clearConfigHistory start

2020-09-16 12:34:45,987 INFO [capacityManagement] start correct usage

2020-09-16 12:34:45,989 INFO [capacityManagement] end correct usage, cost: 0s

2020-09-16 12:34:46,080 WARN clearConfigHistory start

2020-09-16 12:44:45,991 INFO [capacityManagement] start correct usage

2020-09-16 12:44:45,994 INFO [capacityManagement] end correct usage, cost: 0s

2020-09-16 12:44:46,082 WARN clearConfigHistory start

2020-09-16 12:54:45,995 INFO [capacityManagement] start correct usage

2020-09-16 12:54:45,999 INFO [capacityManagement] end correct usage, cost: 0s

2020-09-16 12:54:46,085 WARN clearConfigHistory start

2020-09-16 13:04:46,000 INFO [capacityManagement] start correct usage

2020-09-16 13:04:46,005 INFO [capacityManagement] end correct usage, cost: 0s

2020-09-16 13:04:46,087 WARN clearConfigHistory start

2020-09-16 13:14:46,006 INFO [capacityManagement] start correct usage

2020-09-16 13:14:46,010 INFO [capacityManagement] end correct usage, cost: 0s

2020-09-16 13:14:46,089 WARN clearConfigHistory start

2020-09-16 13:24:46,011 INFO [capacityManagement] start correct usage

2020-09-16 13:24:46,015 INFO [capacityManagement] end correct usage, cost: 0s

2020-09-16 13:24:46,092 WARN clearConfigHistory start

2020-09-16 13:34:46,016 INFO [capacityManagement] start correct usage

2020-09-16 13:34:46,018 INFO [capacityManagement] end correct usage, cost: 0s

2020-09-16 13:34:46,096 WARN clearConfigHistory start

2020-09-16 13:44:46,020 INFO [capacityManagement] start correct usage

2020-09-16 13:44:46,023 INFO [capacityManagement] end correct usage, cost: 0s

2020-09-16 13:44:46,099 WARN clearConfigHistory start

2020-09-16 13:54:46,023 INFO [capacityManagement] start correct usage

2020-09-16 13:54:46,028 INFO [capacityManagement] end correct usage, cost: 0s

2020-09-16 13:54:46,101 WARN clearConfigHistory start

2020-09-16 14:04:46,029 INFO [capacityManagement] start correct usage

2020-09-16 14:04:46,032 INFO [capacityManagement] end correct usage, cost: 0s

2020-09-16 14:04:46,103 WARN clearConfigHistory start

2020-09-16 14:13:44,543 INFO Expired JWT token.

2020-09-16 14:13:44,544 ERROR Responding with unauthorized error. Message - Full authentication is required to access this resource

2020-09-16 14:14:46,033 INFO [capacityManagement] start correct usage

2020-09-16 14:14:46,035 INFO [capacityManagement] end correct usage, cost: 0s

2020-09-16 14:14:46,105 WARN clearConfigHistory start

2020-09-16 14:24:46,037 INFO [capacityManagement] start correct usage

2020-09-16 14:24:46,040 INFO [capacityManagement] end correct usage, cost: 0s

2020-09-16 14:24:46,109 WARN clearConfigHistory start

2020-09-16 14:34:46,042 INFO [capacityManagement] start correct usage

2020-09-16 14:34:46,043 INFO [capacityManagement] end correct usage, cost: 0s

2020-09-16 14:34:46,111 WARN clearConfigHistory start

2020-09-16 14:44:46,046 INFO [capacityManagement] start correct usage

2020-09-16 14:44:46,048 INFO [capacityManagement] end correct usage, cost: 0s

2020-09-16 14:44:46,113 WARN clearConfigHistory start

2020-09-16 14:54:46,050 INFO [capacityManagement] start correct usage

2020-09-16 14:54:46,053 INFO [capacityManagement] end correct usage, cost: 0s

2020-09-16 14:54:46,116 WARN clearConfigHistory start

2020-09-16 15:04:46,055 INFO [capacityManagement] start correct usage

2020-09-16 15:04:46,058 INFO [capacityManagement] end correct usage, cost: 0s

2020-09-16 15:04:46,118 WARN clearConfigHistory start

2020-09-16 15:14:46,059 INFO [capacityManagement] start correct usage

2020-09-16 15:14:46,063 INFO [capacityManagement] end correct usage, cost: 0s

2020-09-16 15:14:46,120 WARN clearConfigHistory start

2020-09-16 15:24:46,064 INFO [capacityManagement] start correct usage

2020-09-16 15:24:46,067 INFO [capacityManagement] end correct usage, cost: 0s

2020-09-16 15:24:46,122 WARN clearConfigHistory start

2020-09-16 15:25:06,023 INFO Expired JWT token.

2020-09-16 15:25:06,024 ERROR Responding with unauthorized error. Message - Full authentication is required to access this resource

2020-09-16 15:34:46,068 INFO [capacityManagement] start correct usage

2020-09-16 15:34:46,070 INFO [capacityManagement] end correct usage, cost: 0s

2020-09-16 15:34:46,124 WARN clearConfigHistory start

2020-09-16 15:44:46,071 INFO [capacityManagement] start correct usage

2020-09-16 15:44:46,073 INFO [capacityManagement] end correct usage, cost: 0s

2020-09-16 15:44:46,127 WARN clearConfigHistory start

2020-09-16 15:54:46,074 INFO [capacityManagement] start correct usage

2020-09-16 15:54:46,076 INFO [capacityManagement] end correct usage, cost: 0s

2020-09-16 15:54:46,129 WARN clearConfigHistory start

2020-09-16 16:04:46,078 INFO [capacityManagement] start correct usage

2020-09-16 16:04:46,081 INFO [capacityManagement] end correct usage, cost: 0s

2020-09-16 16:04:46,131 WARN clearConfigHistory start

2020-09-16 16:14:46,082 INFO [capacityManagement] start correct usage

2020-09-16 16:14:46,084 INFO [capacityManagement] end correct usage, cost: 0s

2020-09-16 16:14:46,133 WARN clearConfigHistory start

2020-09-16 16:24:46,086 INFO [capacityManagement] start correct usage

2020-09-16 16:24:46,088 INFO [capacityManagement] end correct usage, cost: 0s

2020-09-16 16:24:46,135 WARN clearConfigHistory start

2020-09-16 16:34:46,088 INFO [capacityManagement] start correct usage

2020-09-16 16:34:46,089 INFO [capacityManagement] end correct usage, cost: 0s

2020-09-16 16:34:46,137 WARN clearConfigHistory start

2020-09-16 16:44:46,091 INFO [capacityManagement] start correct usage

2020-09-16 16:44:46,093 INFO [capacityManagement] end correct usage, cost: 0s

2020-09-16 16:44:46,139 WARN clearConfigHistory start

2020-09-16 16:54:46,095 INFO [capacityManagement] start correct usage

2020-09-16 16:54:46,096 INFO [capacityManagement] end correct usage, cost: 0s

2020-09-16 16:54:46,141 WARN clearConfigHistory start

2020-09-16 17:04:46,097 INFO [capacityManagement] start correct usage

2020-09-16 17:04:46,098 INFO [capacityManagement] end correct usage, cost: 0s

2020-09-16 17:04:46,142 WARN clearConfigHistory start

2020-09-16 17:14:46,100 INFO [capacityManagement] start correct usage

2020-09-16 17:14:46,103 INFO [capacityManagement] end correct usage, cost: 0s

2020-09-16 17:14:46,144 WARN clearConfigHistory start

2020-09-16 17:24:46,105 INFO [capacityManagement] start correct usage

2020-09-16 17:24:46,106 INFO [capacityManagement] end correct usage, cost: 0s

2020-09-16 17:24:46,146 WARN clearConfigHistory start

2020-09-16 17:34:46,107 INFO [capacityManagement] start correct usage

2020-09-16 17:34:46,109 INFO [capacityManagement] end correct usage, cost: 0s

2020-09-16 17:34:46,149 WARN clearConfigHistory start

2020-09-16 17:44:46,111 INFO [capacityManagement] start correct usage

2020-09-16 17:44:46,113 INFO [capacityManagement] end correct usage, cost: 0s

2020-09-16 17:44:46,152 WARN clearConfigHistory start

2020-09-16 17:54:46,114 INFO [capacityManagement] start correct usage

2020-09-16 17:54:46,116 INFO [capacityManagement] end correct usage, cost: 0s

2020-09-16 17:54:46,155 WARN clearConfigHistory start

2020-09-16 18:04:46,117 INFO [capacityManagement] start correct usage

2020-09-16 18:04:46,119 INFO [capacityManagement] end correct usage, cost: 0s

2020-09-16 18:04:46,157 WARN clearConfigHistory start

2020-09-16 18:14:46,120 INFO [capacityManagement] start correct usage

2020-09-16 18:14:46,122 INFO [capacityManagement] end correct usage, cost: 0s

2020-09-16 18:14:46,159 WARN clearConfigHistory start

2020-09-16 18:24:46,123 INFO [capacityManagement] start correct usage

2020-09-16 18:24:46,126 INFO [capacityManagement] end correct usage, cost: 0s

2020-09-16 18:24:46,162 WARN clearConfigHistory start

2020-09-16 18:34:46,128 INFO [capacityManagement] start correct usage

2020-09-16 18:34:46,130 INFO [capacityManagement] end correct usage, cost: 0s

2020-09-16 18:34:46,165 WARN clearConfigHistory start

2020-09-16 18:44:46,131 INFO [capacityManagement] start correct usage

2020-09-16 18:44:46,134 INFO [capacityManagement] end correct usage, cost: 0s

2020-09-16 18:44:46,166 WARN clearConfigHistory start

