2020-09-16 09:50:24,137 INFO DEFAULT_GROUP@@nacos-payment-provider is changed, add it to push queue.

2020-09-16 09:54:48,787 INFO DEFAULT_GROUP@@nacos-payment-provider is changed, add it to push queue.

2020-09-16 09:57:12,258 INFO DEFAULT_GROUP@@nacos-payment-provider is changed, add it to push queue.

2020-09-16 10:00:34,955 INFO DEFAULT_GROUP@@nacos-payment-provider is changed, add it to push queue.

2020-09-16 10:00:38,540 INFO DEFAULT_GROUP@@nacos-payment-provider is changed, add it to push queue.

2020-09-16 10:06:35,704 INFO DEFAULT_GROUP@@nacos-order-consumer is changed, add it to push queue.

2020-09-16 10:30:34,547 INFO DEFAULT_GROUP@@nacos-config-client is changed, add it to push queue.

2020-09-16 10:51:51,557 INFO DEFAULT_GROUP@@nacos-config-client is changed, add it to push queue.

2020-09-16 10:51:51,619 INFO DEFAULT_GROUP@@nacos-payment-provider is changed, add it to push queue.

2020-09-16 10:51:51,622 INFO serviceName: DEFAULT_GROUP@@nacos-payment-provider changed, schedule push for: 192.168.87.1:56868, agent: Nacos-Java-Client:v1.1.1, key: 192.168.87.1,56868,2417370031758700

2020-09-16 10:51:51,622 INFO send udp packet: 192.168.87.1,56868,2417370031758700

2020-09-16 10:51:51,628 INFO received ack: {"type": "push-ack", "lastRefTime":"2417370031758700", "data":""} from: 192.168.87.1:, cost: 56868 ms, unacked: 6, total push: 0

2020-09-16 10:51:55,412 INFO DEFAULT_GROUP@@nacos-order-consumer is changed, add it to push queue.

2020-09-16 11:24:48,847 INFO DEFAULT_GROUP@@nacos-order-consumer is changed, add it to push queue.

2020-09-16 11:24:52,036 INFO DEFAULT_GROUP@@nacos-payment-provider is changed, add it to push queue.

2020-09-16 11:24:52,041 INFO DEFAULT_GROUP@@nacos-config-client is changed, add it to push queue.

2020-09-16 11:40:58,083 INFO DEFAULT_GROUP@@cloudalibaba-sentinel-service is changed, add it to push queue.

2020-09-16 13:16:49,052 INFO DEFAULT_GROUP@@cloudalibaba-sentinel-service is changed, add it to push queue.

2020-09-16 13:16:52,467 INFO DEFAULT_GROUP@@cloudalibaba-sentinel-service is changed, add it to push queue.

2020-09-16 13:20:05,690 INFO DEFAULT_GROUP@@nacos-order-consumer is changed, add it to push queue.

2020-09-16 13:25:37,422 INFO DEFAULT_GROUP@@nacos-order-consumer is changed, add it to push queue.

2020-09-16 13:29:01,668 INFO DEFAULT_GROUP@@nacos-order-consumer is changed, add it to push queue.

2020-09-16 13:29:04,726 INFO DEFAULT_GROUP@@nacos-order-consumer is changed, add it to push queue.

2020-09-16 13:30:55,938 INFO DEFAULT_GROUP@@nacos-order-consumer is changed, add it to push queue.

2020-09-16 13:30:58,802 INFO DEFAULT_GROUP@@nacos-order-consumer is changed, add it to push queue.

2020-09-16 13:32:00,938 INFO DEFAULT_GROUP@@nacos-order-consumer is changed, add it to push queue.

2020-09-16 13:32:03,861 INFO DEFAULT_GROUP@@nacos-order-consumer is changed, add it to push queue.

2020-09-16 13:32:44,969 INFO DEFAULT_GROUP@@nacos-order-consumer is changed, add it to push queue.

2020-09-16 13:32:48,711 INFO DEFAULT_GROUP@@nacos-order-consumer is changed, add it to push queue.

2020-09-16 13:33:24,085 INFO DEFAULT_GROUP@@nacos-order-consumer is changed, add it to push queue.

2020-09-16 13:33:26,987 INFO DEFAULT_GROUP@@nacos-order-consumer is changed, add it to push queue.

2020-09-16 13:33:34,579 INFO DEFAULT_GROUP@@nacos-order-consumer is changed, add it to push queue.

2020-09-16 13:35:42,194 INFO DEFAULT_GROUP@@nacos-order-consumer is changed, add it to push queue.

2020-09-16 13:35:50,342 INFO DEFAULT_GROUP@@nacos-order-consumer is changed, add it to push queue.

2020-09-16 13:55:25,139 INFO DEFAULT_GROUP@@nacos-order-consumer is changed, add it to push queue.

2020-09-16 13:55:28,251 INFO DEFAULT_GROUP@@nacos-order-consumer is changed, add it to push queue.

2020-09-16 13:56:43,391 INFO DEFAULT_GROUP@@nacos-order-consumer is changed, add it to push queue.

2020-09-16 13:56:46,613 INFO DEFAULT_GROUP@@nacos-order-consumer is changed, add it to push queue.

2020-09-16 13:57:00,666 INFO DEFAULT_GROUP@@nacos-order-consumer is changed, add it to push queue.

2020-09-16 13:57:10,160 INFO DEFAULT_GROUP@@nacos-order-consumer is changed, add it to push queue.

2020-09-16 14:27:26,420 INFO DEFAULT_GROUP@@cloudalibaba-sentinel-service is changed, add it to push queue.

2020-09-16 14:27:27,758 INFO DEFAULT_GROUP@@nacos-order-consumer is changed, add it to push queue.

2020-09-16 14:27:29,433 INFO DEFAULT_GROUP@@cloudalibaba-sentinel-service is changed, add it to push queue.

2020-09-16 14:27:30,883 INFO DEFAULT_GROUP@@nacos-order-consumer is changed, add it to push queue.

2020-09-16 14:27:45,795 INFO DEFAULT_GROUP@@nacos-order-consumer is changed, add it to push queue.

2020-09-16 14:29:34,168 INFO DEFAULT_GROUP@@nacos-order-consumer is changed, add it to push queue.

2020-09-16 15:25:10,151 INFO DEFAULT_GROUP@@serverAddr is changed, add it to push queue.

2020-09-16 15:39:05,561 INFO DEFAULT_GROUP@@nacos-order-consumer is changed, add it to push queue.

2020-09-16 15:39:08,550 INFO DEFAULT_GROUP@@nacos-order-consumer is changed, add it to push queue.

2020-09-16 15:39:20,857 INFO DEFAULT_GROUP@@nacos-order-consumer is changed, add it to push queue.

2020-09-16 15:40:12,963 INFO DEFAULT_GROUP@@nacos-order-consumer is changed, add it to push queue.

2020-09-16 15:40:43,975 INFO DEFAULT_GROUP@@nacos-order-consumer is changed, add it to push queue.

2020-09-16 15:40:53,134 INFO DEFAULT_GROUP@@nacos-order-consumer is changed, add it to push queue.

2020-09-16 15:43:17,590 INFO DEFAULT_GROUP@@nacos-order-consumer is changed, add it to push queue.

2020-09-16 15:43:21,081 INFO DEFAULT_GROUP@@nacos-order-consumer is changed, add it to push queue.

2020-09-16 15:43:24,761 INFO DEFAULT_GROUP@@nacos-order-consumer is changed, add it to push queue.

