2020-09-16 09:41:15,869 INFO PERFORMANCE:|0|0|-1|-1

2020-09-16 09:46:15,869 INFO PERFORMANCE:|0|0|-1|-1

2020-09-16 09:51:15,871 INFO PERFORMANCE:|1|1|-1|-1

2020-09-16 09:56:15,873 INFO PERFORMANCE:|1|2|-1|-1

2020-09-16 10:01:15,874 INFO PERFORMANCE:|1|3|-1|-1

2020-09-16 10:06:15,876 INFO PERFORMANCE:|1|3|-1|-1

2020-09-16 10:11:15,879 INFO PERFORMANCE:|2|4|-1|-1

2020-09-16 10:16:15,880 INFO PERFORMANCE:|2|4|-1|-1

2020-09-16 10:21:15,881 INFO PERFORMANCE:|2|4|-1|-1

2020-09-16 10:26:15,882 INFO PERFORMANCE:|2|4|-1|-1

2020-09-16 10:31:15,883 INFO PERFORMANCE:|3|5|-1|-1

2020-09-16 10:36:15,887 INFO PERFORMANCE:|3|5|-1|-1

2020-09-16 10:41:15,889 INFO PERFORMANCE:|3|5|-1|-1

2020-09-16 10:46:15,890 INFO PERFORMANCE:|3|5|-1|-1

2020-09-16 10:52:18,572 INFO PERFORMANCE:|3|5|-1|-1

2020-09-16 10:57:18,574 INFO PERFORMANCE:|3|5|-1|-1

2020-09-16 11:02:18,575 INFO PERFORMANCE:|3|5|-1|-1

2020-09-16 11:07:18,576 INFO PERFORMANCE:|3|5|-1|-1

2020-09-16 11:12:18,578 INFO PERFORMANCE:|3|5|-1|-1

2020-09-16 11:17:18,581 INFO PERFORMANCE:|3|5|-1|-1

2020-09-16 11:22:18,582 INFO PERFORMANCE:|3|5|-1|-1

2020-09-16 11:25:16,060 INFO PERFORMANCE:|3|5|-1|-1

2020-09-16 11:30:16,061 INFO PERFORMANCE:|3|5|-1|-1

2020-09-16 11:35:16,063 INFO PERFORMANCE:|3|5|-1|-1

2020-09-16 11:40:16,064 INFO PERFORMANCE:|3|5|-1|-1

2020-09-16 11:45:16,066 INFO PERFORMANCE:|4|6|-1|-1

2020-09-16 11:50:16,067 INFO PERFORMANCE:|4|6|-1|-1

2020-09-16 11:55:16,068 INFO PERFORMANCE:|4|6|-1|-1

2020-09-16 12:00:16,069 INFO PERFORMANCE:|4|6|-1|-1

2020-09-16 12:05:16,069 INFO PERFORMANCE:|4|6|-1|-1

2020-09-16 12:10:16,071 INFO PERFORMANCE:|4|6|-1|-1

2020-09-16 12:15:16,072 INFO PERFORMANCE:|4|6|-1|-1

2020-09-16 12:20:16,073 INFO PERFORMANCE:|4|6|-1|-1

2020-09-16 12:25:16,076 INFO PERFORMANCE:|4|6|-1|-1

2020-09-16 12:30:16,076 INFO PERFORMANCE:|4|6|-1|-1

2020-09-16 12:35:16,078 INFO PERFORMANCE:|4|6|-1|-1

2020-09-16 12:40:16,080 INFO PERFORMANCE:|4|6|-1|-1

2020-09-16 12:45:16,080 INFO PERFORMANCE:|4|6|-1|-1

2020-09-16 12:50:16,082 INFO PERFORMANCE:|4|6|-1|-1

2020-09-16 12:55:16,083 INFO PERFORMANCE:|4|6|-1|-1

2020-09-16 13:00:16,084 INFO PERFORMANCE:|4|6|-1|-1

2020-09-16 13:05:16,085 INFO PERFORMANCE:|4|6|-1|-1

2020-09-16 13:10:16,087 INFO PERFORMANCE:|4|6|-1|-1

2020-09-16 13:15:16,088 INFO PERFORMANCE:|4|6|-1|-1

2020-09-16 13:20:16,091 INFO PERFORMANCE:|4|7|-1|-1

2020-09-16 13:25:16,092 INFO PERFORMANCE:|4|7|-1|-1

2020-09-16 13:30:16,093 INFO PERFORMANCE:|4|7|-1|-1

2020-09-16 13:35:16,094 INFO PERFORMANCE:|4|7|-1|-1

2020-09-16 13:40:16,095 INFO PERFORMANCE:|4|7|-1|-1

2020-09-16 13:45:16,096 INFO PERFORMANCE:|4|7|-1|-1

2020-09-16 13:50:16,097 INFO PERFORMANCE:|4|7|-1|-1

2020-09-16 13:55:16,098 INFO PERFORMANCE:|4|7|-1|-1

2020-09-16 14:00:16,099 INFO PERFORMANCE:|4|7|-1|-1

2020-09-16 14:05:16,102 INFO PERFORMANCE:|4|7|-1|-1

2020-09-16 14:10:16,103 INFO PERFORMANCE:|4|7|-1|-1

2020-09-16 14:15:16,104 INFO PERFORMANCE:|4|7|-1|-1

2020-09-16 14:20:16,106 INFO PERFORMANCE:|4|7|-1|-1

2020-09-16 14:25:16,106 INFO PERFORMANCE:|4|7|-1|-1

2020-09-16 14:30:16,107 INFO PERFORMANCE:|4|7|-1|-1

2020-09-16 14:35:16,108 INFO PERFORMANCE:|4|7|-1|-1

2020-09-16 14:40:16,110 INFO PERFORMANCE:|4|7|-1|-1

2020-09-16 14:45:16,112 INFO PERFORMANCE:|4|7|-1|-1

2020-09-16 14:50:16,113 INFO PERFORMANCE:|4|7|-1|-1

2020-09-16 14:55:16,113 INFO PERFORMANCE:|4|7|-1|-1

2020-09-16 15:00:16,115 INFO PERFORMANCE:|4|7|-1|-1

2020-09-16 15:05:16,117 INFO PERFORMANCE:|4|7|-1|-1

2020-09-16 15:10:16,118 INFO PERFORMANCE:|4|7|-1|-1

2020-09-16 15:15:16,118 INFO PERFORMANCE:|4|7|-1|-1

2020-09-16 15:20:16,119 INFO PERFORMANCE:|4|7|-1|-1

2020-09-16 15:25:16,119 INFO PERFORMANCE:|5|8|-1|-1

2020-09-16 15:30:16,120 INFO PERFORMANCE:|5|8|-1|-1

2020-09-16 15:35:16,122 INFO PERFORMANCE:|5|8|-1|-1

2020-09-16 15:40:16,123 INFO PERFORMANCE:|5|8|-1|-1

2020-09-16 15:45:16,124 INFO PERFORMANCE:|5|8|-1|-1

2020-09-16 15:50:16,124 INFO PERFORMANCE:|5|8|-1|-1

2020-09-16 15:55:16,125 INFO PERFORMANCE:|5|8|-1|-1

2020-09-16 16:00:16,126 INFO PERFORMANCE:|5|8|-1|-1

2020-09-16 16:05:16,127 INFO PERFORMANCE:|5|8|-1|-1

2020-09-16 16:10:16,127 INFO PERFORMANCE:|5|8|-1|-1

2020-09-16 16:15:16,128 INFO PERFORMANCE:|5|8|-1|-1

2020-09-16 16:20:16,129 INFO PERFORMANCE:|5|8|-1|-1

2020-09-16 16:25:16,130 INFO PERFORMANCE:|5|8|-1|-1

2020-09-16 16:30:16,131 INFO PERFORMANCE:|5|8|-1|-1

2020-09-16 16:35:16,131 INFO PERFORMANCE:|5|8|-1|-1

2020-09-16 16:40:16,134 INFO PERFORMANCE:|5|8|-1|-1

2020-09-16 16:45:16,135 INFO PERFORMANCE:|5|8|-1|-1

2020-09-16 16:50:16,137 INFO PERFORMANCE:|5|8|-1|-1

2020-09-16 16:55:16,137 INFO PERFORMANCE:|5|8|-1|-1

2020-09-16 17:00:16,139 INFO PERFORMANCE:|5|8|-1|-1

2020-09-16 17:05:16,139 INFO PERFORMANCE:|5|8|-1|-1

2020-09-16 17:10:16,140 INFO PERFORMANCE:|5|8|-1|-1

2020-09-16 17:15:16,142 INFO PERFORMANCE:|5|8|-1|-1

2020-09-16 17:20:16,143 INFO PERFORMANCE:|5|8|-1|-1

2020-09-16 17:25:16,144 INFO PERFORMANCE:|5|8|-1|-1

2020-09-16 17:30:16,145 INFO PERFORMANCE:|5|8|-1|-1

2020-09-16 17:35:16,145 INFO PERFORMANCE:|5|8|-1|-1

2020-09-16 17:40:16,146 INFO PERFORMANCE:|5|8|-1|-1

2020-09-16 17:45:16,148 INFO PERFORMANCE:|5|8|-1|-1

2020-09-16 17:50:16,148 INFO PERFORMANCE:|5|8|-1|-1

2020-09-16 17:55:16,150 INFO PERFORMANCE:|5|8|-1|-1

2020-09-16 18:00:16,151 INFO PERFORMANCE:|5|8|-1|-1

2020-09-16 18:05:16,152 INFO PERFORMANCE:|5|8|-1|-1

2020-09-16 18:10:16,154 INFO PERFORMANCE:|5|8|-1|-1

2020-09-16 18:15:16,155 INFO PERFORMANCE:|5|8|-1|-1

2020-09-16 18:20:16,156 INFO PERFORMANCE:|5|8|-1|-1

2020-09-16 18:25:16,158 INFO PERFORMANCE:|5|8|-1|-1

2020-09-16 18:30:16,159 INFO PERFORMANCE:|5|8|-1|-1

2020-09-16 18:35:16,161 INFO PERFORMANCE:|5|8|-1|-1

2020-09-16 18:40:16,161 INFO PERFORMANCE:|5|8|-1|-1

2020-09-16 18:45:16,162 INFO PERFORMANCE:|5|8|-1|-1

2020-09-16 18:50:16,163 INFO PERFORMANCE:|5|8|-1|-1

